{"C:\\Users\\MasterChief\\Desktop\\NewUniAuth\\codecov-node\\lib\\codecov.js": {"path":"C:\\Users\\MasterChief\\Desktop\\NewUniAuth\\codecov-node\\lib\\codecov.js","statementMap":{"0":{"start":{"line":1,"column":9},"end":{"line":1,"column":22}},"1":{"start":{"line":2,"column":11},"end":{"line":2,"column":26}},"2":{"start":{"line":3,"column":14},"end":{"line":3,"column":51}},"3":{"start":{"line":4,"column":14},"end":{"line":4,"column":32}},"4":{"start":{"line":5,"column":13},"end":{"line":5,"column":31}},"5":{"start":{"line":6,"column":11},"end":{"line":6,"column":33}},"6":{"start":{"line":7,"column":19},"end":{"line":7,"column":56}},"7":{"start":{"line":8,"column":15},"end":{"line":8,"column":48}},"8":{"start":{"line":10,"column":21},"end":{"line":10,"column":40}},"9":{"start":{"line":12,"column":14},"end":{"line":12,"column":54}},"10":{"start":{"line":14,"column":15},"end":{"line":14,"column":17}},"11":{"start":{"line":15,"column":20},"end":{"line":15,"column":22}},"12":{"start":{"line":16,"column":18},"end":{"line":16,"column":20}},"13":{"start":{"line":19,"column":2},"end":{"line":19,"column":68}},"14":{"start":{"line":21,"column":0},"end":{"line":145,"column":1}},"15":{"start":{"line":22,"column":2},"end":{"line":83,"column":14}},"16":{"start":{"line":85,"column":2},"end":{"line":144,"column":14}},"17":{"start":{"line":147,"column":22},"end":{"line":180,"column":1}},"18":{"start":{"line":155,"column":2},"end":{"line":179,"column":3}},"19":{"start":{"line":168,"column":6},"end":{"line":177,"column":7}},"20":{"start":{"line":169,"column":8},"end":{"line":169,"column":52}},"21":{"start":{"line":170,"column":8},"end":{"line":172,"column":45}},"22":{"start":{"line":174,"column":8},"end":{"line":174,"column":35}},"23":{"start":{"line":175,"column":8},"end":{"line":175,"column":59}},"24":{"start":{"line":176,"column":8},"end":{"line":176,"column":40}},"25":{"start":{"line":182,"column":22},"end":{"line":241,"column":1}},"26":{"start":{"line":190,"column":2},"end":{"line":240,"column":3}},"27":{"start":{"line":203,"column":6},"end":{"line":238,"column":7}},"28":{"start":{"line":204,"column":8},"end":{"line":210,"column":9}},"29":{"start":{"line":212,"column":33},"end":{"line":212,"column":54}},"30":{"start":{"line":213,"column":8},"end":{"line":237,"column":9}},"31":{"start":{"line":223,"column":12},"end":{"line":235,"column":13}},"32":{"start":{"line":224,"column":14},"end":{"line":230,"column":15}},"33":{"start":{"line":232,"column":14},"end":{"line":232,"column":41}},"34":{"start":{"line":233,"column":14},"end":{"line":233,"column":70}},"35":{"start":{"line":234,"column":14},"end":{"line":234,"column":44}},"36":{"start":{"line":243,"column":13},"end":{"line":577,"column":1}},"37":{"start":{"line":246,"column":4},"end":{"line":249,"column":24}},"38":{"start":{"line":250,"column":14},"end":{"line":250,"column":16}},"39":{"start":{"line":251,"column":14},"end":{"line":251,"column":16}},"40":{"start":{"line":253,"column":4},"end":{"line":256,"column":17}},"41":{"start":{"line":258,"column":2},"end":{"line":268,"column":3}},"42":{"start":{"line":270,"column":2},"end":{"line":275,"column":3}},"43":{"start":{"line":271,"column":4},"end":{"line":271,"column":44}},"44":{"start":{"line":272,"column":4},"end":{"line":272,"column":28}},"45":{"start":{"line":274,"column":4},"end":{"line":274,"column":33}},"46":{"start":{"line":277,"column":2},"end":{"line":284,"column":15}},"47":{"start":{"line":278,"column":4},"end":{"line":283,"column":5}},"48":{"start":{"line":286,"column":2},"end":{"line":288,"column":3}},"49":{"start":{"line":287,"column":4},"end":{"line":287,"column":36}},"50":{"start":{"line":290,"column":2},"end":{"line":292,"column":3}},"51":{"start":{"line":291,"column":4},"end":{"line":291,"column":38}},"52":{"start":{"line":294,"column":2},"end":{"line":296,"column":3}},"53":{"start":{"line":295,"column":4},"end":{"line":295,"column":38}},"54":{"start":{"line":298,"column":2},"end":{"line":300,"column":3}},"55":{"start":{"line":299,"column":4},"end":{"line":299,"column":34}},"56":{"start":{"line":303,"column":4},"end":{"line":303,"column":80}},"57":{"start":{"line":304,"column":2},"end":{"line":306,"column":3}},"58":{"start":{"line":305,"column":4},"end":{"line":305,"column":23}},"59":{"start":{"line":309,"column":2},"end":{"line":315,"column":3}},"60":{"start":{"line":310,"column":25},"end":{"line":310,"column":77}},"61":{"start":{"line":311,"column":4},"end":{"line":312,"column":78}},"62":{"start":{"line":317,"column":4},"end":{"line":320,"column":29}},"63":{"start":{"line":321,"column":2},"end":{"line":323,"column":3}},"64":{"start":{"line":322,"column":4},"end":{"line":322,"column":23}},"65":{"start":{"line":325,"column":2},"end":{"line":325,"column":35}},"66":{"start":{"line":327,"column":2},"end":{"line":327,"column":36}},"67":{"start":{"line":328,"column":2},"end":{"line":328,"column":50}},"68":{"start":{"line":330,"column":2},"end":{"line":334,"column":4}},"69":{"start":{"line":336,"column":15},"end":{"line":336,"column":17}},"70":{"start":{"line":339,"column":18},"end":{"line":339,"column":23}},"71":{"start":{"line":340,"column":2},"end":{"line":357,"column":3}},"72":{"start":{"line":341,"column":14},"end":{"line":347,"column":16}},"73":{"start":{"line":348,"column":4},"end":{"line":353,"column":5}},"74":{"start":{"line":348,"column":17},"end":{"line":348,"column":31}},"75":{"start":{"line":349,"column":6},"end":{"line":352,"column":7}},"76":{"start":{"line":350,"column":8},"end":{"line":350,"column":78}},"77":{"start":{"line":351,"column":8},"end":{"line":351,"column":24}},"78":{"start":{"line":354,"column":4},"end":{"line":356,"column":5}},"79":{"start":{"line":355,"column":6},"end":{"line":355,"column":30}},"80":{"start":{"line":360,"column":13},"end":{"line":360,"column":65}},"81":{"start":{"line":361,"column":2},"end":{"line":361,"column":44}},"82":{"start":{"line":362,"column":2},"end":{"line":375,"column":3}},"83":{"start":{"line":363,"column":18},"end":{"line":363,"column":66}},"84":{"start":{"line":364,"column":4},"end":{"line":366,"column":5}},"85":{"start":{"line":365,"column":6},"end":{"line":365,"column":61}},"86":{"start":{"line":367,"column":4},"end":{"line":367,"column":62}},"87":{"start":{"line":370,"column":4},"end":{"line":374,"column":38}},"88":{"start":{"line":377,"column":2},"end":{"line":430,"column":3}},"89":{"start":{"line":378,"column":4},"end":{"line":427,"column":5}},"90":{"start":{"line":379,"column":6},"end":{"line":379,"column":74}},"91":{"start":{"line":380,"column":16},"end":{"line":380,"column":47}},"92":{"start":{"line":381,"column":6},"end":{"line":397,"column":7}},"93":{"start":{"line":382,"column":8},"end":{"line":396,"column":9}},"94":{"start":{"line":383,"column":10},"end":{"line":388,"column":22}},"95":{"start":{"line":386,"column":14},"end":{"line":386,"column":45}},"96":{"start":{"line":390,"column":10},"end":{"line":395,"column":22}},"97":{"start":{"line":393,"column":14},"end":{"line":393,"column":44}},"98":{"start":{"line":399,"column":6},"end":{"line":421,"column":7}},"99":{"start":{"line":400,"column":8},"end":{"line":409,"column":17}},"100":{"start":{"line":413,"column":8},"end":{"line":420,"column":15}},"101":{"start":{"line":422,"column":6},"end":{"line":422,"column":22}},"102":{"start":{"line":423,"column":6},"end":{"line":423,"column":34}},"103":{"start":{"line":424,"column":6},"end":{"line":424,"column":24}},"104":{"start":{"line":426,"column":6},"end":{"line":426,"column":52}},"105":{"start":{"line":429,"column":4},"end":{"line":429,"column":31}},"106":{"start":{"line":434,"column":2},"end":{"line":442,"column":3}},"107":{"start":{"line":435,"column":4},"end":{"line":439,"column":13}},"108":{"start":{"line":441,"column":4},"end":{"line":441,"column":39}},"109":{"start":{"line":443,"column":2},"end":{"line":460,"column":3}},"110":{"start":{"line":444,"column":4},"end":{"line":444,"column":43}},"111":{"start":{"line":445,"column":4},"end":{"line":459,"column":5}},"112":{"start":{"line":446,"column":6},"end":{"line":458,"column":7}},"113":{"start":{"line":447,"column":8},"end":{"line":451,"column":20}},"114":{"start":{"line":453,"column":8},"end":{"line":457,"column":20}},"115":{"start":{"line":462,"column":14},"end":{"line":462,"column":16}},"116":{"start":{"line":463,"column":11},"end":{"line":463,"column":15}},"117":{"start":{"line":464,"column":2},"end":{"line":532,"column":3}},"118":{"start":{"line":466,"column":4},"end":{"line":466,"column":78}},"119":{"start":{"line":467,"column":4},"end":{"line":467,"column":48}},"120":{"start":{"line":468,"column":9},"end":{"line":532,"column":3}},"121":{"start":{"line":470,"column":4},"end":{"line":470,"column":28}},"122":{"start":{"line":471,"column":4},"end":{"line":471,"column":46}},"123":{"start":{"line":472,"column":4},"end":{"line":484,"column":5}},"124":{"start":{"line":473,"column":6},"end":{"line":478,"column":24}},"125":{"start":{"line":479,"column":6},"end":{"line":479,"column":34}},"126":{"start":{"line":480,"column":6},"end":{"line":480,"column":22}},"127":{"start":{"line":482,"column":6},"end":{"line":482,"column":52}},"128":{"start":{"line":483,"column":6},"end":{"line":483,"column":57}},"129":{"start":{"line":485,"column":9},"end":{"line":532,"column":3}},"130":{"start":{"line":486,"column":4},"end":{"line":486,"column":43}},"131":{"start":{"line":489,"column":4},"end":{"line":511,"column":5}},"132":{"start":{"line":492,"column":6},"end":{"line":492,"column":41}},"133":{"start":{"line":493,"column":6},"end":{"line":495,"column":7}},"134":{"start":{"line":494,"column":8},"end":{"line":494,"column":39}},"135":{"start":{"line":496,"column":6},"end":{"line":499,"column":20}},"136":{"start":{"line":503,"column":6},"end":{"line":503,"column":44}},"137":{"start":{"line":504,"column":6},"end":{"line":506,"column":7}},"138":{"start":{"line":505,"column":8},"end":{"line":505,"column":39}},"139":{"start":{"line":507,"column":6},"end":{"line":510,"column":22}},"140":{"start":{"line":512,"column":4},"end":{"line":529,"column":5}},"141":{"start":{"line":513,"column":6},"end":{"line":528,"column":7}},"142":{"start":{"line":513,"column":20},"end":{"line":513,"column":37}},"143":{"start":{"line":514,"column":8},"end":{"line":514,"column":25}},"144":{"start":{"line":515,"column":8},"end":{"line":527,"column":9}},"145":{"start":{"line":516,"column":10},"end":{"line":521,"column":28}},"146":{"start":{"line":522,"column":10},"end":{"line":522,"column":38}},"147":{"start":{"line":523,"column":10},"end":{"line":523,"column":26}},"148":{"start":{"line":525,"column":10},"end":{"line":525,"column":56}},"149":{"start":{"line":526,"column":10},"end":{"line":526,"column":61}},"150":{"start":{"line":531,"column":4},"end":{"line":531,"column":33}},"151":{"start":{"line":534,"column":2},"end":{"line":568,"column":3}},"152":{"start":{"line":536,"column":4},"end":{"line":567,"column":5}},"153":{"start":{"line":537,"column":6},"end":{"line":537,"column":50}},"154":{"start":{"line":538,"column":6},"end":{"line":538,"column":25}},"155":{"start":{"line":539,"column":6},"end":{"line":539,"column":48}},"156":{"start":{"line":541,"column":6},"end":{"line":541,"column":42}},"157":{"start":{"line":543,"column":6},"end":{"line":547,"column":7}},"158":{"start":{"line":544,"column":8},"end":{"line":544,"column":33}},"159":{"start":{"line":546,"column":8},"end":{"line":546,"column":33}},"160":{"start":{"line":548,"column":6},"end":{"line":566,"column":7}},"161":{"start":{"line":554,"column":10},"end":{"line":560,"column":11}},"162":{"start":{"line":555,"column":12},"end":{"line":559,"column":13}},"163":{"start":{"line":555,"column":25},"end":{"line":555,"column":41}},"164":{"start":{"line":556,"column":14},"end":{"line":558,"column":28}},"165":{"start":{"line":557,"column":16},"end":{"line":557,"column":39}},"166":{"start":{"line":561,"column":10},"end":{"line":563,"column":11}},"167":{"start":{"line":562,"column":12},"end":{"line":562,"column":45}},"168":{"start":{"line":570,"column":2},"end":{"line":576,"column":3}},"169":{"start":{"line":580,"column":2},"end":{"line":582,"column":3}},"170":{"start":{"line":581,"column":4},"end":{"line":581,"column":13}},"171":{"start":{"line":583,"column":2},"end":{"line":583,"column":30}},"172":{"start":{"line":586,"column":0},"end":{"line":592,"column":1}}},"fnMap":{"0":{"name":"(anonymous_0)","decl":{"start":{"line":147,"column":22},"end":{"line":147,"column":23}},"loc":{"start":{"line":153,"column":2},"end":{"line":180,"column":1}},"line":153},"1":{"name":"(anonymous_1)","decl":{"start":{"line":167,"column":4},"end":{"line":167,"column":5}},"loc":{"start":{"line":167,"column":28},"end":{"line":178,"column":5}},"line":167},"2":{"name":"(anonymous_2)","decl":{"start":{"line":182,"column":22},"end":{"line":182,"column":23}},"loc":{"start":{"line":188,"column":2},"end":{"line":241,"column":1}},"line":188},"3":{"name":"(anonymous_3)","decl":{"start":{"line":202,"column":4},"end":{"line":202,"column":5}},"loc":{"start":{"line":202,"column":36},"end":{"line":239,"column":5}},"line":202},"4":{"name":"(anonymous_4)","decl":{"start":{"line":222,"column":10},"end":{"line":222,"column":11}},"loc":{"start":{"line":222,"column":24},"end":{"line":236,"column":11}},"line":222},"5":{"name":"(anonymous_5)","decl":{"start":{"line":243,"column":13},"end":{"line":243,"column":14}},"loc":{"start":{"line":243,"column":52},"end":{"line":577,"column":1}},"line":243},"6":{"name":"(anonymous_6)","decl":{"start":{"line":277,"column":49},"end":{"line":277,"column":50}},"loc":{"start":{"line":277,"column":72},"end":{"line":284,"column":3}},"line":277},"7":{"name":"(anonymous_7)","decl":{"start":{"line":385,"column":17},"end":{"line":385,"column":18}},"loc":{"start":{"line":385,"column":29},"end":{"line":387,"column":13}},"line":385},"8":{"name":"(anonymous_8)","decl":{"start":{"line":392,"column":17},"end":{"line":392,"column":18}},"loc":{"start":{"line":392,"column":29},"end":{"line":394,"column":13}},"line":392},"9":{"name":"(anonymous_9)","decl":{"start":{"line":552,"column":8},"end":{"line":552,"column":9}},"loc":{"start":{"line":552,"column":19},"end":{"line":564,"column":9}},"line":552},"10":{"name":"(anonymous_10)","decl":{"start":{"line":565,"column":22},"end":{"line":565,"column":23}},"loc":{"start":{"line":565,"column":33},"end":{"line":565,"column":35}},"line":565},"11":{"name":"sanitizeVar","decl":{"start":{"line":579,"column":9},"end":{"line":579,"column":20}},"loc":{"start":{"line":579,"column":26},"end":{"line":584,"column":1}},"line":579}},"branchMap":{"0":{"loc":{"start":{"line":19,"column":2},"end":{"line":19,"column":68}},"type":"binary-expr","locations":[{"start":{"line":19,"column":2},"end":{"line":19,"column":33}},{"start":{"line":19,"column":37},"end":{"line":19,"column":68}}],"line":19},"1":{"loc":{"start":{"line":21,"column":0},"end":{"line":145,"column":1}},"type":"if","locations":[{"start":{"line":21,"column":0},"end":{"line":145,"column":1}},{"start":{"line":21,"column":0},"end":{"line":145,"column":1}}],"line":21},"2":{"loc":{"start":{"line":168,"column":6},"end":{"line":177,"column":7}},"type":"if","locations":[{"start":{"line":168,"column":6},"end":{"line":177,"column":7}},{"start":{"line":168,"column":6},"end":{"line":177,"column":7}}],"line":168},"3":{"loc":{"start":{"line":168,"column":10},"end":{"line":168,"column":44}},"type":"binary-expr","locations":[{"start":{"line":168,"column":10},"end":{"line":168,"column":13}},{"start":{"line":168,"column":17},"end":{"line":168,"column":44}}],"line":168},"4":{"loc":{"start":{"line":169,"column":30},"end":{"line":169,"column":50}},"type":"binary-expr","locations":[{"start":{"line":169,"column":30},"end":{"line":169,"column":33}},{"start":{"line":169,"column":37},"end":{"line":169,"column":50}}],"line":169},"5":{"loc":{"start":{"line":170,"column":15},"end":{"line":172,"column":45}},"type":"cond-expr","locations":[{"start":{"line":171,"column":12},"end":{"line":171,"column":58}},{"start":{"line":172,"column":12},"end":{"line":172,"column":45}}],"line":170},"6":{"loc":{"start":{"line":203,"column":6},"end":{"line":238,"column":7}},"type":"if","locations":[{"start":{"line":203,"column":6},"end":{"line":238,"column":7}},{"start":{"line":203,"column":6},"end":{"line":238,"column":7}}],"line":203},"7":{"loc":{"start":{"line":223,"column":12},"end":{"line":235,"column":13}},"type":"if","locations":[{"start":{"line":223,"column":12},"end":{"line":235,"column":13}},{"start":{"line":223,"column":12},"end":{"line":235,"column":13}}],"line":223},"8":{"loc":{"start":{"line":246,"column":4},"end":{"line":249,"column":24}},"type":"binary-expr","locations":[{"start":{"line":246,"column":4},"end":{"line":246,"column":20}},{"start":{"line":247,"column":4},"end":{"line":247,"column":27}},{"start":{"line":248,"column":4},"end":{"line":248,"column":27}},{"start":{"line":249,"column":4},"end":{"line":249,"column":24}}],"line":246},"9":{"loc":{"start":{"line":253,"column":4},"end":{"line":256,"column":17}},"type":"binary-expr","locations":[{"start":{"line":253,"column":4},"end":{"line":253,"column":20}},{"start":{"line":254,"column":4},"end":{"line":254,"column":27}},{"start":{"line":255,"column":4},"end":{"line":255,"column":27}},{"start":{"line":256,"column":4},"end":{"line":256,"column":17}}],"line":253},"10":{"loc":{"start":{"line":270,"column":2},"end":{"line":275,"column":3}},"type":"if","locations":[{"start":{"line":270,"column":2},"end":{"line":275,"column":3}},{"start":{"line":270,"column":2},"end":{"line":275,"column":3}}],"line":270},"11":{"loc":{"start":{"line":270,"column":7},"end":{"line":270,"column":33}},"type":"binary-expr","locations":[{"start":{"line":270,"column":7},"end":{"line":270,"column":27}},{"start":{"line":270,"column":31},"end":{"line":270,"column":33}}],"line":270},"12":{"loc":{"start":{"line":279,"column":6},"end":{"line":282,"column":20}},"type":"binary-expr","locations":[{"start":{"line":279,"column":6},"end":{"line":279,"column":12}},{"start":{"line":280,"column":7},"end":{"line":282,"column":19}}],"line":279},"13":{"loc":{"start":{"line":280,"column":7},"end":{"line":282,"column":19}},"type":"cond-expr","locations":[{"start":{"line":281,"column":10},"end":{"line":281,"column":43}},{"start":{"line":282,"column":10},"end":{"line":282,"column":19}}],"line":280},"14":{"loc":{"start":{"line":286,"column":2},"end":{"line":288,"column":3}},"type":"if","locations":[{"start":{"line":286,"column":2},"end":{"line":288,"column":3}},{"start":{"line":286,"column":2},"end":{"line":288,"column":3}}],"line":286},"15":{"loc":{"start":{"line":290,"column":2},"end":{"line":292,"column":3}},"type":"if","locations":[{"start":{"line":290,"column":2},"end":{"line":292,"column":3}},{"start":{"line":290,"column":2},"end":{"line":292,"column":3}}],"line":290},"16":{"loc":{"start":{"line":294,"column":2},"end":{"line":296,"column":3}},"type":"if","locations":[{"start":{"line":294,"column":2},"end":{"line":296,"column":3}},{"start":{"line":294,"column":2},"end":{"line":296,"column":3}}],"line":294},"17":{"loc":{"start":{"line":298,"column":2},"end":{"line":300,"column":3}},"type":"if","locations":[{"start":{"line":298,"column":2},"end":{"line":300,"column":3}},{"start":{"line":298,"column":2},"end":{"line":300,"column":3}}],"line":298},"18":{"loc":{"start":{"line":303,"column":4},"end":{"line":303,"column":80}},"type":"binary-expr","locations":[{"start":{"line":303,"column":4},"end":{"line":303,"column":22}},{"start":{"line":303,"column":26},"end":{"line":303,"column":51}},{"start":{"line":303,"column":55},"end":{"line":303,"column":80}}],"line":303},"19":{"loc":{"start":{"line":304,"column":2},"end":{"line":306,"column":3}},"type":"if","locations":[{"start":{"line":304,"column":2},"end":{"line":306,"column":3}},{"start":{"line":304,"column":2},"end":{"line":306,"column":3}}],"line":304},"20":{"loc":{"start":{"line":312,"column":6},"end":{"line":312,"column":78}},"type":"binary-expr","locations":[{"start":{"line":312,"column":6},"end":{"line":312,"column":20}},{"start":{"line":312,"column":24},"end":{"line":312,"column":46}},{"start":{"line":312,"column":50},"end":{"line":312,"column":78}}],"line":312},"21":{"loc":{"start":{"line":317,"column":4},"end":{"line":320,"column":29}},"type":"binary-expr","locations":[{"start":{"line":317,"column":4},"end":{"line":317,"column":22}},{"start":{"line":318,"column":4},"end":{"line":318,"column":13}},{"start":{"line":319,"column":4},"end":{"line":319,"column":29}},{"start":{"line":320,"column":4},"end":{"line":320,"column":29}}],"line":317},"22":{"loc":{"start":{"line":321,"column":2},"end":{"line":323,"column":3}},"type":"if","locations":[{"start":{"line":321,"column":2},"end":{"line":323,"column":3}},{"start":{"line":321,"column":2},"end":{"line":323,"column":3}}],"line":321},"23":{"loc":{"start":{"line":340,"column":2},"end":{"line":357,"column":3}},"type":"if","locations":[{"start":{"line":340,"column":2},"end":{"line":357,"column":3}},{"start":{"line":340,"column":2},"end":{"line":357,"column":3}}],"line":340},"24":{"loc":{"start":{"line":340,"column":6},"end":{"line":340,"column":76}},"type":"binary-expr","locations":[{"start":{"line":340,"column":6},"end":{"line":340,"column":22}},{"start":{"line":340,"column":26},"end":{"line":340,"column":49}},{"start":{"line":340,"column":53},"end":{"line":340,"column":76}}],"line":340},"25":{"loc":{"start":{"line":344,"column":7},"end":{"line":344,"column":36}},"type":"binary-expr","locations":[{"start":{"line":344,"column":7},"end":{"line":344,"column":30}},{"start":{"line":344,"column":34},"end":{"line":344,"column":36}}],"line":344},"26":{"loc":{"start":{"line":346,"column":7},"end":{"line":346,"column":36}},"type":"binary-expr","locations":[{"start":{"line":346,"column":7},"end":{"line":346,"column":30}},{"start":{"line":346,"column":34},"end":{"line":346,"column":36}}],"line":346},"27":{"loc":{"start":{"line":349,"column":6},"end":{"line":352,"column":7}},"type":"if","locations":[{"start":{"line":349,"column":6},"end":{"line":352,"column":7}},{"start":{"line":349,"column":6},"end":{"line":352,"column":7}}],"line":349},"28":{"loc":{"start":{"line":350,"column":34},"end":{"line":350,"column":59}},"type":"binary-expr","locations":[{"start":{"line":350,"column":34},"end":{"line":350,"column":53}},{"start":{"line":350,"column":57},"end":{"line":350,"column":59}}],"line":350},"29":{"loc":{"start":{"line":354,"column":4},"end":{"line":356,"column":5}},"type":"if","locations":[{"start":{"line":354,"column":4},"end":{"line":356,"column":5}},{"start":{"line":354,"column":4},"end":{"line":356,"column":5}}],"line":354},"30":{"loc":{"start":{"line":360,"column":26},"end":{"line":360,"column":64}},"type":"binary-expr","locations":[{"start":{"line":360,"column":26},"end":{"line":360,"column":43}},{"start":{"line":360,"column":47},"end":{"line":360,"column":57}},{"start":{"line":360,"column":61},"end":{"line":360,"column":64}}],"line":360},"31":{"loc":{"start":{"line":364,"column":4},"end":{"line":366,"column":5}},"type":"if","locations":[{"start":{"line":364,"column":4},"end":{"line":366,"column":5}},{"start":{"line":364,"column":4},"end":{"line":366,"column":5}}],"line":364},"32":{"loc":{"start":{"line":377,"column":2},"end":{"line":430,"column":3}},"type":"if","locations":[{"start":{"line":377,"column":2},"end":{"line":430,"column":3}},{"start":{"line":377,"column":2},"end":{"line":430,"column":3}}],"line":377},"33":{"loc":{"start":{"line":377,"column":7},"end":{"line":377,"column":33}},"type":"binary-expr","locations":[{"start":{"line":377,"column":7},"end":{"line":377,"column":27}},{"start":{"line":377,"column":31},"end":{"line":377,"column":33}}],"line":377},"34":{"loc":{"start":{"line":380,"column":16},"end":{"line":380,"column":47}},"type":"binary-expr","locations":[{"start":{"line":380,"column":16},"end":{"line":380,"column":41}},{"start":{"line":380,"column":45},"end":{"line":380,"column":47}}],"line":380},"35":{"loc":{"start":{"line":381,"column":6},"end":{"line":397,"column":7}},"type":"if","locations":[{"start":{"line":381,"column":6},"end":{"line":397,"column":7}},{"start":{"line":381,"column":6},"end":{"line":397,"column":7}}],"line":381},"36":{"loc":{"start":{"line":382,"column":8},"end":{"line":396,"column":9}},"type":"if","locations":[{"start":{"line":382,"column":8},"end":{"line":396,"column":9}},{"start":{"line":382,"column":8},"end":{"line":396,"column":9}}],"line":382},"37":{"loc":{"start":{"line":399,"column":6},"end":{"line":421,"column":7}},"type":"if","locations":[{"start":{"line":399,"column":6},"end":{"line":421,"column":7}},{"start":{"line":399,"column":6},"end":{"line":421,"column":7}}],"line":399},"38":{"loc":{"start":{"line":402,"column":11},"end":{"line":402,"column":57}},"type":"binary-expr","locations":[{"start":{"line":402,"column":11},"end":{"line":402,"column":49}},{"start":{"line":402,"column":53},"end":{"line":402,"column":57}}],"line":402},"39":{"loc":{"start":{"line":406,"column":11},"end":{"line":406,"column":59}},"type":"binary-expr","locations":[{"start":{"line":406,"column":11},"end":{"line":406,"column":49}},{"start":{"line":406,"column":53},"end":{"line":406,"column":59}}],"line":406},"40":{"loc":{"start":{"line":408,"column":11},"end":{"line":408,"column":55}},"type":"binary-expr","locations":[{"start":{"line":408,"column":11},"end":{"line":408,"column":49}},{"start":{"line":408,"column":53},"end":{"line":408,"column":55}}],"line":408},"41":{"loc":{"start":{"line":417,"column":11},"end":{"line":417,"column":59}},"type":"binary-expr","locations":[{"start":{"line":417,"column":11},"end":{"line":417,"column":49}},{"start":{"line":417,"column":53},"end":{"line":417,"column":59}}],"line":417},"42":{"loc":{"start":{"line":419,"column":11},"end":{"line":419,"column":55}},"type":"binary-expr","locations":[{"start":{"line":419,"column":11},"end":{"line":419,"column":49}},{"start":{"line":419,"column":53},"end":{"line":419,"column":55}}],"line":419},"43":{"loc":{"start":{"line":434,"column":2},"end":{"line":442,"column":3}},"type":"if","locations":[{"start":{"line":434,"column":2},"end":{"line":442,"column":3}},{"start":{"line":434,"column":2},"end":{"line":442,"column":3}}],"line":434},"44":{"loc":{"start":{"line":443,"column":2},"end":{"line":460,"column":3}},"type":"if","locations":[{"start":{"line":443,"column":2},"end":{"line":460,"column":3}},{"start":{"line":443,"column":2},"end":{"line":460,"column":3}}],"line":443},"45":{"loc":{"start":{"line":445,"column":4},"end":{"line":459,"column":5}},"type":"if","locations":[{"start":{"line":445,"column":4},"end":{"line":459,"column":5}},{"start":{"line":445,"column":4},"end":{"line":459,"column":5}}],"line":445},"46":{"loc":{"start":{"line":446,"column":6},"end":{"line":458,"column":7}},"type":"if","locations":[{"start":{"line":446,"column":6},"end":{"line":458,"column":7}},{"start":{"line":446,"column":6},"end":{"line":458,"column":7}}],"line":446},"47":{"loc":{"start":{"line":464,"column":2},"end":{"line":532,"column":3}},"type":"if","locations":[{"start":{"line":464,"column":2},"end":{"line":532,"column":3}},{"start":{"line":464,"column":2},"end":{"line":532,"column":3}}],"line":464},"48":{"loc":{"start":{"line":468,"column":9},"end":{"line":532,"column":3}},"type":"if","locations":[{"start":{"line":468,"column":9},"end":{"line":532,"column":3}},{"start":{"line":468,"column":9},"end":{"line":532,"column":3}}],"line":468},"49":{"loc":{"start":{"line":485,"column":9},"end":{"line":532,"column":3}},"type":"if","locations":[{"start":{"line":485,"column":9},"end":{"line":532,"column":3}},{"start":{"line":485,"column":9},"end":{"line":532,"column":3}}],"line":485},"50":{"loc":{"start":{"line":485,"column":14},"end":{"line":485,"column":40}},"type":"binary-expr","locations":[{"start":{"line":485,"column":14},"end":{"line":485,"column":34}},{"start":{"line":485,"column":38},"end":{"line":485,"column":40}}],"line":485},"51":{"loc":{"start":{"line":489,"column":4},"end":{"line":511,"column":5}},"type":"if","locations":[{"start":{"line":489,"column":4},"end":{"line":511,"column":5}},{"start":{"line":489,"column":4},"end":{"line":511,"column":5}}],"line":489},"52":{"loc":{"start":{"line":493,"column":6},"end":{"line":495,"column":7}},"type":"if","locations":[{"start":{"line":493,"column":6},"end":{"line":495,"column":7}},{"start":{"line":493,"column":6},"end":{"line":495,"column":7}}],"line":493},"53":{"loc":{"start":{"line":504,"column":6},"end":{"line":506,"column":7}},"type":"if","locations":[{"start":{"line":504,"column":6},"end":{"line":506,"column":7}},{"start":{"line":504,"column":6},"end":{"line":506,"column":7}}],"line":504},"54":{"loc":{"start":{"line":512,"column":4},"end":{"line":529,"column":5}},"type":"if","locations":[{"start":{"line":512,"column":4},"end":{"line":529,"column":5}},{"start":{"line":512,"column":4},"end":{"line":529,"column":5}}],"line":512},"55":{"loc":{"start":{"line":534,"column":2},"end":{"line":568,"column":3}},"type":"if","locations":[{"start":{"line":534,"column":2},"end":{"line":568,"column":3}},{"start":{"line":534,"column":2},"end":{"line":568,"column":3}}],"line":534},"56":{"loc":{"start":{"line":536,"column":4},"end":{"line":567,"column":5}},"type":"if","locations":[{"start":{"line":536,"column":4},"end":{"line":567,"column":5}},{"start":{"line":536,"column":4},"end":{"line":567,"column":5}}],"line":536},"57":{"loc":{"start":{"line":543,"column":6},"end":{"line":547,"column":7}},"type":"if","locations":[{"start":{"line":543,"column":6},"end":{"line":547,"column":7}},{"start":{"line":543,"column":6},"end":{"line":547,"column":7}}],"line":543},"58":{"loc":{"start":{"line":543,"column":11},"end":{"line":543,"column":37}},"type":"binary-expr","locations":[{"start":{"line":543,"column":11},"end":{"line":543,"column":31}},{"start":{"line":543,"column":35},"end":{"line":543,"column":37}}],"line":543},"59":{"loc":{"start":{"line":554,"column":10},"end":{"line":560,"column":11}},"type":"if","locations":[{"start":{"line":554,"column":10},"end":{"line":560,"column":11}},{"start":{"line":554,"column":10},"end":{"line":560,"column":11}}],"line":554},"60":{"loc":{"start":{"line":561,"column":10},"end":{"line":563,"column":11}},"type":"if","locations":[{"start":{"line":561,"column":10},"end":{"line":563,"column":11}},{"start":{"line":561,"column":10},"end":{"line":563,"column":11}}],"line":561},"61":{"loc":{"start":{"line":565,"column":8},"end":{"line":565,"column":35}},"type":"binary-expr","locations":[{"start":{"line":565,"column":8},"end":{"line":565,"column":18}},{"start":{"line":565,"column":22},"end":{"line":565,"column":35}}],"line":565},"62":{"loc":{"start":{"line":580,"column":2},"end":{"line":582,"column":3}},"type":"if","locations":[{"start":{"line":580,"column":2},"end":{"line":582,"column":3}},{"start":{"line":580,"column":2},"end":{"line":582,"column":3}}],"line":580}},"s":{"0":1,"1":1,"2":1,"3":1,"4":1,"5":1,"6":1,"7":1,"8":1,"9":1,"10":1,"11":1,"12":1,"13":1,"14":1,"15":0,"16":1,"17":1,"18":0,"19":0,"20":0,"21":0,"22":0,"23":0,"24":0,"25":1,"26":0,"27":0,"28":0,"29":0,"30":0,"31":0,"32":0,"33":0,"34":0,"35":0,"36":1,"37":28,"38":28,"39":28,"40":28,"41":28,"42":28,"43":23,"44":23,"45":5,"46":28,"47":56,"48":28,"49":1,"50":28,"51":1,"52":28,"53":1,"54":28,"55":1,"56":28,"57":28,"58":1,"59":28,"60":28,"61":28,"62":28,"63":28,"64":10,"65":28,"66":28,"67":28,"68":28,"69":28,"70":28,"71":28,"72":2,"73":2,"74":2,"75":9,"76":7,"77":7,"78":2,"79":2,"80":28,"81":28,"82":28,"83":28,"84":28,"85":0,"86":28,"87":0,"88":28,"89":27,"90":27,"91":27,"92":27,"93":1,"94":0,"95":0,"96":1,"97":1,"98":27,"99":0,"100":27,"101":27,"102":27,"103":27,"104":27,"105":1,"106":28,"107":0,"108":28,"109":28,"110":0,"111":0,"112":0,"113":0,"114":0,"115":28,"116":28,"117":28,"118":0,"119":0,"120":28,"121":2,"122":2,"123":2,"124":2,"125":1,"126":1,"127":1,"128":1,"129":26,"130":25,"131":25,"132":0,"133":0,"134":0,"135":0,"136":25,"137":25,"138":0,"139":25,"140":25,"141":25,"142":25,"143":25,"144":25,"145":25,"146":17,"147":17,"148":8,"149":8,"150":1,"151":28,"152":28,"153":28,"154":28,"155":28,"156":0,"157":0,"158":0,"159":0,"160":0,"161":0,"162":0,"163":0,"164":0,"165":0,"166":0,"167":0,"168":28,"169":56,"170":53,"171":3,"172":1},"f":{"0":0,"1":0,"2":0,"3":0,"4":0,"5":28,"6":56,"7":0,"8":1,"9":0,"10":0,"11":56},"b":{"0":[1,0],"1":[0,1],"2":[0,0],"3":[0,0],"4":[0,0],"5":[0,0],"6":[0,0],"7":[0,0],"8":[28,28,28,28],"9":[28,27,25,25],"10":[23,5],"11":[28,21],"12":[56,32],"13":[28,4],"14":[1,27],"15":[1,27],"16":[1,27],"17":[1,27],"18":[28,27,27],"19":[1,27],"20":[28,25,5],"21":[28,24,21,18],"22":[10,18],"23":[2,26],"24":[28,26,26],"25":[2,1],"26":[2,1],"27":[7,2],"28":[7,4],"29":[2,0],"30":[28,28,28],"31":[0,28],"32":[27,1],"33":[28,21],"34":[27,26],"35":[1,26],"36":[0,1],"37":[0,27],"38":[0,0],"39":[0,0],"40":[0,0],"41":[27,26],"42":[27,26],"43":[0,28],"44":[0,28],"45":[0,0],"46":[0,0],"47":[0,28],"48":[2,26],"49":[25,1],"50":[26,19],"51":[0,25],"52":[0,0],"53":[0,25],"54":[25,0],"55":[28,0],"56":[28,0],"57":[0,0],"58":[0,0],"59":[0,0],"60":[0,0],"61":[0,0],"62":[53,3]},"_coverageSchema":"1a1c01bbd47fc00a2c39e90264f33305004495a9","hash":"d9a22f1992248131dc7016c9aa0251357fd60fd0"}
,"C:\\Users\\MasterChief\\Desktop\\NewUniAuth\\codecov-node\\lib\\detect.js": {"path":"C:\\Users\\MasterChief\\Desktop\\NewUniAuth\\codecov-node\\lib\\detect.js","statementMap":{"0":{"start":{"line":1,"column":15},"end":{"line":20,"column":1}},"1":{"start":{"line":22,"column":21},"end":{"line":38,"column":1}},"2":{"start":{"line":24,"column":2},"end":{"line":29,"column":3}},"3":{"start":{"line":25,"column":4},"end":{"line":28,"column":5}},"4":{"start":{"line":26,"column":6},"end":{"line":26,"column":45}},"5":{"start":{"line":27,"column":6},"end":{"line":27,"column":11}},"6":{"start":{"line":30,"column":2},"end":{"line":36,"column":3}},"7":{"start":{"line":31,"column":16},"end":{"line":31,"column":46}},"8":{"start":{"line":32,"column":4},"end":{"line":32,"column":34}},"9":{"start":{"line":33,"column":4},"end":{"line":35,"column":5}},"10":{"start":{"line":34,"column":6},"end":{"line":34,"column":80}},"11":{"start":{"line":37,"column":2},"end":{"line":37,"column":15}},"12":{"start":{"line":40,"column":0},"end":{"line":40,"column":31}}},"fnMap":{"0":{"name":"(anonymous_0)","decl":{"start":{"line":22,"column":21},"end":{"line":22,"column":22}},"loc":{"start":{"line":22,"column":32},"end":{"line":38,"column":1}},"line":22}},"branchMap":{"0":{"loc":{"start":{"line":25,"column":4},"end":{"line":28,"column":5}},"type":"if","locations":[{"start":{"line":25,"column":4},"end":{"line":28,"column":5}},{"start":{"line":25,"column":4},"end":{"line":28,"column":5}}],"line":25},"1":{"loc":{"start":{"line":30,"column":2},"end":{"line":36,"column":3}},"type":"if","locations":[{"start":{"line":30,"column":2},"end":{"line":36,"column":3}},{"start":{"line":30,"column":2},"end":{"line":36,"column":3}}],"line":30},"2":{"loc":{"start":{"line":33,"column":4},"end":{"line":35,"column":5}},"type":"if","locations":[{"start":{"line":33,"column":4},"end":{"line":35,"column":5}},{"start":{"line":33,"column":4},"end":{"line":35,"column":5}}],"line":33}},"s":{"0":2,"1":2,"2":26,"3":451,"4":1,"5":1,"6":26,"7":25,"8":25,"9":25,"10":0,"11":26,"12":2},"f":{"0":26},"b":{"0":[1,450],"1":[25,1],"2":[0,25]},"_coverageSchema":"1a1c01bbd47fc00a2c39e90264f33305004495a9","hash":"5034773538837360d7309e3651757e91288f9309"}
,"C:\\Users\\MasterChief\\Desktop\\NewUniAuth\\codecov-node\\lib\\git.js": {"path":"C:\\Users\\MasterChief\\Desktop\\NewUniAuth\\codecov-node\\lib\\git.js","statementMap":{"0":{"start":{"line":1,"column":15},"end":{"line":1,"column":48}},"1":{"start":{"line":3,"column":0},"end":{"line":15,"column":1}},"2":{"start":{"line":5,"column":4},"end":{"line":7,"column":13}},"3":{"start":{"line":11,"column":4},"end":{"line":13,"column":13}}},"fnMap":{"0":{"name":"(anonymous_0)","decl":{"start":{"line":4,"column":10},"end":{"line":4,"column":11}},"loc":{"start":{"line":4,"column":21},"end":{"line":8,"column":3}},"line":4},"1":{"name":"(anonymous_1)","decl":{"start":{"line":10,"column":8},"end":{"line":10,"column":9}},"loc":{"start":{"line":10,"column":19},"end":{"line":14,"column":3}},"line":10}},"branchMap":{},"s":{"0":7,"1":7,"2":29,"3":34},"f":{"0":29,"1":34},"b":{},"_coverageSchema":"1a1c01bbd47fc00a2c39e90264f33305004495a9","hash":"96e19c887bb156c3563e0b77eef9bd9bc3fcf38f"}
,"C:\\Users\\MasterChief\\Desktop\\NewUniAuth\\codecov-node\\lib\\services\\appveyor.js": {"path":"C:\\Users\\MasterChief\\Desktop\\NewUniAuth\\codecov-node\\lib\\services\\appveyor.js","statementMap":{"0":{"start":{"line":1,"column":0},"end":{"line":23,"column":1}},"1":{"start":{"line":3,"column":4},"end":{"line":3,"column":33}},"2":{"start":{"line":7,"column":4},"end":{"line":7,"column":43}},"3":{"start":{"line":8,"column":4},"end":{"line":21,"column":5}}},"fnMap":{"0":{"name":"(anonymous_0)","decl":{"start":{"line":2,"column":10},"end":{"line":2,"column":11}},"loc":{"start":{"line":2,"column":21},"end":{"line":4,"column":3}},"line":2},"1":{"name":"(anonymous_1)","decl":{"start":{"line":6,"column":17},"end":{"line":6,"column":18}},"loc":{"start":{"line":6,"column":28},"end":{"line":22,"column":3}},"line":6}},"branchMap":{},"s":{"0":3,"1":26,"2":1,"3":1},"f":{"0":26,"1":1},"b":{},"_coverageSchema":"1a1c01bbd47fc00a2c39e90264f33305004495a9","hash":"1130b042ef141084a2e3eff7b8ba635cf113c5ee"}
,"C:\\Users\\MasterChief\\Desktop\\NewUniAuth\\codecov-node\\lib\\services\\azurePipelines.js": {"path":"C:\\Users\\MasterChief\\Desktop\\NewUniAuth\\codecov-node\\lib\\services\\azurePipelines.js","statementMap":{"0":{"start":{"line":1,"column":0},"end":{"line":23,"column":1}},"1":{"start":{"line":3,"column":4},"end":{"line":3,"column":33}},"2":{"start":{"line":7,"column":4},"end":{"line":7,"column":50}},"3":{"start":{"line":8,"column":4},"end":{"line":21,"column":5}}},"fnMap":{"0":{"name":"(anonymous_0)","decl":{"start":{"line":2,"column":10},"end":{"line":2,"column":11}},"loc":{"start":{"line":2,"column":21},"end":{"line":4,"column":3}},"line":2},"1":{"name":"(anonymous_1)","decl":{"start":{"line":6,"column":17},"end":{"line":6,"column":18}},"loc":{"start":{"line":6,"column":28},"end":{"line":22,"column":3}},"line":6}},"branchMap":{},"s":{"0":3,"1":26,"2":1,"3":1},"f":{"0":26,"1":1},"b":{},"_coverageSchema":"1a1c01bbd47fc00a2c39e90264f33305004495a9","hash":"7c280dfcbf207ea64292ea464ca2a4cf45e93811"}
,"C:\\Users\\MasterChief\\Desktop\\NewUniAuth\\codecov-node\\lib\\services\\buildkite.js": {"path":"C:\\Users\\MasterChief\\Desktop\\NewUniAuth\\codecov-node\\lib\\services\\buildkite.js","statementMap":{"0":{"start":{"line":1,"column":0},"end":{"line":18,"column":1}},"1":{"start":{"line":3,"column":4},"end":{"line":3,"column":34}},"2":{"start":{"line":8,"column":4},"end":{"line":8,"column":44}},"3":{"start":{"line":9,"column":4},"end":{"line":16,"column":5}}},"fnMap":{"0":{"name":"(anonymous_0)","decl":{"start":{"line":2,"column":10},"end":{"line":2,"column":11}},"loc":{"start":{"line":2,"column":21},"end":{"line":4,"column":3}},"line":2},"1":{"name":"(anonymous_1)","decl":{"start":{"line":6,"column":17},"end":{"line":6,"column":18}},"loc":{"start":{"line":6,"column":28},"end":{"line":17,"column":3}},"line":6}},"branchMap":{},"s":{"0":3,"1":26,"2":1,"3":1},"f":{"0":26,"1":1},"b":{},"_coverageSchema":"1a1c01bbd47fc00a2c39e90264f33305004495a9","hash":"10db9da030d336e916d9efd8780ad24c5ed8dc45"}
,"C:\\Users\\MasterChief\\Desktop\\NewUniAuth\\codecov-node\\lib\\services\\circle.js": {"path":"C:\\Users\\MasterChief\\Desktop\\NewUniAuth\\codecov-node\\lib\\services\\circle.js","statementMap":{"0":{"start":{"line":1,"column":0},"end":{"line":40,"column":1}},"1":{"start":{"line":3,"column":4},"end":{"line":3,"column":33}},"2":{"start":{"line":7,"column":4},"end":{"line":7,"column":41}},"3":{"start":{"line":8,"column":4},"end":{"line":16,"column":5}},"4":{"start":{"line":18,"column":6},"end":{"line":28,"column":7}},"5":{"start":{"line":23,"column":8},"end":{"line":27,"column":9}},"6":{"start":{"line":29,"column":6},"end":{"line":36,"column":7}},"7":{"start":{"line":32,"column":8},"end":{"line":35,"column":9}},"8":{"start":{"line":37,"column":6},"end":{"line":37,"column":55}}},"fnMap":{"0":{"name":"(anonymous_0)","decl":{"start":{"line":2,"column":10},"end":{"line":2,"column":11}},"loc":{"start":{"line":2,"column":21},"end":{"line":4,"column":3}},"line":2},"1":{"name":"(anonymous_1)","decl":{"start":{"line":6,"column":17},"end":{"line":6,"column":18}},"loc":{"start":{"line":6,"column":28},"end":{"line":39,"column":3}},"line":6},"2":{"name":"detectRepoSlug","decl":{"start":{"line":17,"column":13},"end":{"line":17,"column":27}},"loc":{"start":{"line":17,"column":30},"end":{"line":38,"column":5}},"line":17}},"branchMap":{"0":{"loc":{"start":{"line":18,"column":6},"end":{"line":28,"column":7}},"type":"if","locations":[{"start":{"line":18,"column":6},"end":{"line":28,"column":7}},{"start":{"line":18,"column":6},"end":{"line":28,"column":7}}],"line":18},"1":{"loc":{"start":{"line":29,"column":6},"end":{"line":36,"column":7}},"type":"if","locations":[{"start":{"line":29,"column":6},"end":{"line":36,"column":7}},{"start":{"line":29,"column":6},"end":{"line":36,"column":7}}],"line":29}},"s":{"0":3,"1":26,"2":3,"3":3,"4":3,"5":1,"6":2,"7":1,"8":1},"f":{"0":26,"1":3,"2":3},"b":{"0":[1,2],"1":[1,1]},"_coverageSchema":"1a1c01bbd47fc00a2c39e90264f33305004495a9","hash":"97f99d7f282e9792aa7ea25a18dc5d8d75e473b6"}
,"C:\\Users\\MasterChief\\Desktop\\NewUniAuth\\codecov-node\\lib\\services\\cirrus.js": {"path":"C:\\Users\\MasterChief\\Desktop\\NewUniAuth\\codecov-node\\lib\\services\\cirrus.js","statementMap":{"0":{"start":{"line":1,"column":0},"end":{"line":17,"column":1}},"1":{"start":{"line":3,"column":4},"end":{"line":3,"column":34}},"2":{"start":{"line":6,"column":4},"end":{"line":6,"column":41}},"3":{"start":{"line":7,"column":4},"end":{"line":15,"column":5}}},"fnMap":{"0":{"name":"(anonymous_0)","decl":{"start":{"line":2,"column":10},"end":{"line":2,"column":11}},"loc":{"start":{"line":2,"column":21},"end":{"line":4,"column":3}},"line":2},"1":{"name":"(anonymous_1)","decl":{"start":{"line":5,"column":17},"end":{"line":5,"column":18}},"loc":{"start":{"line":5,"column":28},"end":{"line":16,"column":3}},"line":5}},"branchMap":{},"s":{"0":3,"1":26,"2":1,"3":1},"f":{"0":26,"1":1},"b":{},"_coverageSchema":"1a1c01bbd47fc00a2c39e90264f33305004495a9","hash":"92e635a5c448fac5780ae768c45a6317ae512902"}
,"C:\\Users\\MasterChief\\Desktop\\NewUniAuth\\codecov-node\\lib\\services\\codebuild.js": {"path":"C:\\Users\\MasterChief\\Desktop\\NewUniAuth\\codecov-node\\lib\\services\\codebuild.js","statementMap":{"0":{"start":{"line":1,"column":10},"end":{"line":1,"column":30}},"1":{"start":{"line":3,"column":0},"end":{"line":47,"column":1}},"2":{"start":{"line":5,"column":4},"end":{"line":5,"column":37}},"3":{"start":{"line":9,"column":4},"end":{"line":9,"column":45}},"4":{"start":{"line":10,"column":4},"end":{"line":18,"column":5}},"5":{"start":{"line":20,"column":6},"end":{"line":25,"column":7}},"6":{"start":{"line":21,"column":8},"end":{"line":24,"column":9}},"7":{"start":{"line":26,"column":6},"end":{"line":26,"column":25}},"8":{"start":{"line":29,"column":6},"end":{"line":34,"column":7}},"9":{"start":{"line":33,"column":8},"end":{"line":33,"column":72}},"10":{"start":{"line":35,"column":6},"end":{"line":35,"column":22}},"11":{"start":{"line":38,"column":6},"end":{"line":43,"column":7}},"12":{"start":{"line":39,"column":8},"end":{"line":42,"column":31}},"13":{"start":{"line":44,"column":6},"end":{"line":44,"column":55}}},"fnMap":{"0":{"name":"(anonymous_0)","decl":{"start":{"line":4,"column":10},"end":{"line":4,"column":11}},"loc":{"start":{"line":4,"column":21},"end":{"line":6,"column":3}},"line":4},"1":{"name":"(anonymous_1)","decl":{"start":{"line":8,"column":17},"end":{"line":8,"column":18}},"loc":{"start":{"line":8,"column":28},"end":{"line":46,"column":3}},"line":8},"2":{"name":"detectBranchName","decl":{"start":{"line":19,"column":13},"end":{"line":19,"column":29}},"loc":{"start":{"line":19,"column":32},"end":{"line":27,"column":5}},"line":19},"3":{"name":"detectPRNumber","decl":{"start":{"line":28,"column":13},"end":{"line":28,"column":27}},"loc":{"start":{"line":28,"column":30},"end":{"line":36,"column":5}},"line":28},"4":{"name":"detectRepoSlug","decl":{"start":{"line":37,"column":13},"end":{"line":37,"column":27}},"loc":{"start":{"line":37,"column":30},"end":{"line":45,"column":5}},"line":37}},"branchMap":{"0":{"loc":{"start":{"line":20,"column":6},"end":{"line":25,"column":7}},"type":"if","locations":[{"start":{"line":20,"column":6},"end":{"line":25,"column":7}},{"start":{"line":20,"column":6},"end":{"line":25,"column":7}}],"line":20},"1":{"loc":{"start":{"line":29,"column":6},"end":{"line":34,"column":7}},"type":"if","locations":[{"start":{"line":29,"column":6},"end":{"line":34,"column":7}},{"start":{"line":29,"column":6},"end":{"line":34,"column":7}}],"line":29},"2":{"loc":{"start":{"line":30,"column":8},"end":{"line":31,"column":62}},"type":"binary-expr","locations":[{"start":{"line":30,"column":8},"end":{"line":30,"column":46}},{"start":{"line":31,"column":8},"end":{"line":31,"column":62}}],"line":30},"3":{"loc":{"start":{"line":38,"column":6},"end":{"line":43,"column":7}},"type":"if","locations":[{"start":{"line":38,"column":6},"end":{"line":43,"column":7}},{"start":{"line":38,"column":6},"end":{"line":43,"column":7}}],"line":38}},"s":{"0":3,"1":3,"2":26,"3":6,"4":6,"5":6,"6":4,"7":2,"8":5,"9":2,"10":3,"11":5,"12":4,"13":1},"f":{"0":26,"1":6,"2":6,"3":5,"4":5},"b":{"0":[4,2],"1":[2,3],"2":[5,4],"3":[4,1]},"_coverageSchema":"1a1c01bbd47fc00a2c39e90264f33305004495a9","hash":"ed77a88aa7359690a47ed193d38fcebc52f770a2"}
,"C:\\Users\\MasterChief\\Desktop\\NewUniAuth\\codecov-node\\lib\\services\\codeship.js": {"path":"C:\\Users\\MasterChief\\Desktop\\NewUniAuth\\codecov-node\\lib\\services\\codeship.js","statementMap":{"0":{"start":{"line":1,"column":0},"end":{"line":16,"column":1}},"1":{"start":{"line":3,"column":4},"end":{"line":3,"column":68}},"2":{"start":{"line":7,"column":4},"end":{"line":7,"column":43}},"3":{"start":{"line":8,"column":4},"end":{"line":14,"column":5}}},"fnMap":{"0":{"name":"(anonymous_0)","decl":{"start":{"line":2,"column":10},"end":{"line":2,"column":11}},"loc":{"start":{"line":2,"column":21},"end":{"line":4,"column":3}},"line":2},"1":{"name":"(anonymous_1)","decl":{"start":{"line":6,"column":17},"end":{"line":6,"column":18}},"loc":{"start":{"line":6,"column":28},"end":{"line":15,"column":3}},"line":6}},"branchMap":{"0":{"loc":{"start":{"line":3,"column":11},"end":{"line":3,"column":68}},"type":"binary-expr","locations":[{"start":{"line":3,"column":11},"end":{"line":3,"column":30}},{"start":{"line":3,"column":34},"end":{"line":3,"column":68}}],"line":3}},"s":{"0":3,"1":26,"2":1,"3":1},"f":{"0":26,"1":1},"b":{"0":[26,1]},"_coverageSchema":"1a1c01bbd47fc00a2c39e90264f33305004495a9","hash":"2c68e5268ea3702f3a780031b785d2483ad2307b"}
,"C:\\Users\\MasterChief\\Desktop\\NewUniAuth\\codecov-node\\lib\\services\\drone.js": {"path":"C:\\Users\\MasterChief\\Desktop\\NewUniAuth\\codecov-node\\lib\\services\\drone.js","statementMap":{"0":{"start":{"line":1,"column":10},"end":{"line":1,"column":27}},"1":{"start":{"line":3,"column":0},"end":{"line":19,"column":1}},"2":{"start":{"line":5,"column":4},"end":{"line":5,"column":30}},"3":{"start":{"line":9,"column":4},"end":{"line":9,"column":43}},"4":{"start":{"line":10,"column":4},"end":{"line":17,"column":5}}},"fnMap":{"0":{"name":"(anonymous_0)","decl":{"start":{"line":4,"column":10},"end":{"line":4,"column":11}},"loc":{"start":{"line":4,"column":21},"end":{"line":6,"column":3}},"line":4},"1":{"name":"(anonymous_1)","decl":{"start":{"line":8,"column":17},"end":{"line":8,"column":18}},"loc":{"start":{"line":8,"column":28},"end":{"line":18,"column":3}},"line":8}},"branchMap":{},"s":{"0":3,"1":3,"2":26,"3":1,"4":1},"f":{"0":26,"1":1},"b":{},"_coverageSchema":"1a1c01bbd47fc00a2c39e90264f33305004495a9","hash":"3f8fc1a12d947bbca643e1ea15d0b56f59dcc29e"}
,"C:\\Users\\MasterChief\\Desktop\\NewUniAuth\\codecov-node\\lib\\services\\github_actions.js": {"path":"C:\\Users\\MasterChief\\Desktop\\NewUniAuth\\codecov-node\\lib\\services\\github_actions.js","statementMap":{"0":{"start":{"line":1,"column":0},"end":{"line":27,"column":1}},"1":{"start":{"line":3,"column":4},"end":{"line":3,"column":39}},"2":{"start":{"line":8,"column":4},"end":{"line":8,"column":49}},"3":{"start":{"line":10,"column":17},"end":{"line":18,"column":5}},"4":{"start":{"line":20,"column":4},"end":{"line":23,"column":5}},"5":{"start":{"line":22,"column":6},"end":{"line":22,"column":57}},"6":{"start":{"line":25,"column":4},"end":{"line":25,"column":17}}},"fnMap":{"0":{"name":"(anonymous_0)","decl":{"start":{"line":2,"column":10},"end":{"line":2,"column":11}},"loc":{"start":{"line":2,"column":21},"end":{"line":4,"column":3}},"line":2},"1":{"name":"(anonymous_1)","decl":{"start":{"line":6,"column":17},"end":{"line":6,"column":18}},"loc":{"start":{"line":6,"column":28},"end":{"line":26,"column":3}},"line":6}},"branchMap":{"0":{"loc":{"start":{"line":12,"column":8},"end":{"line":13,"column":57}},"type":"binary-expr","locations":[{"start":{"line":12,"column":8},"end":{"line":12,"column":35}},{"start":{"line":13,"column":8},"end":{"line":13,"column":57}}],"line":12},"1":{"loc":{"start":{"line":20,"column":4},"end":{"line":23,"column":5}},"type":"if","locations":[{"start":{"line":20,"column":4},"end":{"line":23,"column":5}},{"start":{"line":20,"column":4},"end":{"line":23,"column":5}}],"line":20}},"s":{"0":3,"1":26,"2":2,"3":2,"4":2,"5":1,"6":2},"f":{"0":26,"1":2},"b":{"0":[2,1],"1":[1,1]},"_coverageSchema":"1a1c01bbd47fc00a2c39e90264f33305004495a9","hash":"1442ac1a92a436e6a7818b823934c9ee033b319e"}
,"C:\\Users\\MasterChief\\Desktop\\NewUniAuth\\codecov-node\\lib\\services\\gitlab.js": {"path":"C:\\Users\\MasterChief\\Desktop\\NewUniAuth\\codecov-node\\lib\\services\\gitlab.js","statementMap":{"0":{"start":{"line":3,"column":0},"end":{"line":25,"column":1}},"1":{"start":{"line":5,"column":4},"end":{"line":5,"column":34}},"2":{"start":{"line":9,"column":4},"end":{"line":9,"column":41}},"3":{"start":{"line":11,"column":6},"end":{"line":11,"column":70}},"4":{"start":{"line":12,"column":4},"end":{"line":23,"column":5}}},"fnMap":{"0":{"name":"(anonymous_0)","decl":{"start":{"line":4,"column":10},"end":{"line":4,"column":11}},"loc":{"start":{"line":4,"column":21},"end":{"line":6,"column":3}},"line":4},"1":{"name":"(anonymous_1)","decl":{"start":{"line":8,"column":17},"end":{"line":8,"column":18}},"loc":{"start":{"line":8,"column":28},"end":{"line":24,"column":3}},"line":8}},"branchMap":{"0":{"loc":{"start":{"line":11,"column":6},"end":{"line":11,"column":70}},"type":"binary-expr","locations":[{"start":{"line":11,"column":6},"end":{"line":11,"column":31}},{"start":{"line":11,"column":35},"end":{"line":11,"column":64}},{"start":{"line":11,"column":68},"end":{"line":11,"column":70}}],"line":11}},"s":{"0":3,"1":27,"2":3,"3":3,"4":3},"f":{"0":27,"1":3},"b":{"0":[3,2,1]},"_coverageSchema":"1a1c01bbd47fc00a2c39e90264f33305004495a9","hash":"260850306319ac9ade2ced259c6a01849355d792"}
,"C:\\Users\\MasterChief\\Desktop\\NewUniAuth\\codecov-node\\lib\\services\\heroku.js": {"path":"C:\\Users\\MasterChief\\Desktop\\NewUniAuth\\codecov-node\\lib\\services\\heroku.js","statementMap":{"0":{"start":{"line":3,"column":0},"end":{"line":17,"column":1}},"1":{"start":{"line":5,"column":4},"end":{"line":5,"column":43}},"2":{"start":{"line":9,"column":4},"end":{"line":9,"column":41}},"3":{"start":{"line":10,"column":4},"end":{"line":15,"column":5}}},"fnMap":{"0":{"name":"(anonymous_0)","decl":{"start":{"line":4,"column":10},"end":{"line":4,"column":11}},"loc":{"start":{"line":4,"column":21},"end":{"line":6,"column":3}},"line":4},"1":{"name":"(anonymous_1)","decl":{"start":{"line":8,"column":17},"end":{"line":8,"column":18}},"loc":{"start":{"line":8,"column":28},"end":{"line":16,"column":3}},"line":8}},"branchMap":{},"s":{"0":3,"1":26,"2":1,"3":1},"f":{"0":26,"1":1},"b":{},"_coverageSchema":"1a1c01bbd47fc00a2c39e90264f33305004495a9","hash":"21de21d8167b87b28e915e4ca8cd2fd606d670e2"}
,"C:\\Users\\MasterChief\\Desktop\\NewUniAuth\\codecov-node\\lib\\services\\jenkins.js": {"path":"C:\\Users\\MasterChief\\Desktop\\NewUniAuth\\codecov-node\\lib\\services\\jenkins.js","statementMap":{"0":{"start":{"line":1,"column":10},"end":{"line":1,"column":27}},"1":{"start":{"line":3,"column":0},"end":{"line":24,"column":1}},"2":{"start":{"line":5,"column":4},"end":{"line":5,"column":36}},"3":{"start":{"line":9,"column":4},"end":{"line":9,"column":42}},"4":{"start":{"line":10,"column":4},"end":{"line":22,"column":5}}},"fnMap":{"0":{"name":"(anonymous_0)","decl":{"start":{"line":4,"column":10},"end":{"line":4,"column":11}},"loc":{"start":{"line":4,"column":21},"end":{"line":6,"column":3}},"line":4},"1":{"name":"(anonymous_1)","decl":{"start":{"line":8,"column":17},"end":{"line":8,"column":18}},"loc":{"start":{"line":8,"column":28},"end":{"line":23,"column":3}},"line":8}},"branchMap":{"0":{"loc":{"start":{"line":13,"column":8},"end":{"line":13,"column":77}},"type":"binary-expr","locations":[{"start":{"line":13,"column":8},"end":{"line":13,"column":37}},{"start":{"line":13,"column":41},"end":{"line":13,"column":63}},{"start":{"line":13,"column":67},"end":{"line":13,"column":77}}],"line":13},"1":{"loc":{"start":{"line":15,"column":8},"end":{"line":17,"column":31}},"type":"binary-expr","locations":[{"start":{"line":15,"column":8},"end":{"line":15,"column":37}},{"start":{"line":16,"column":8},"end":{"line":16,"column":30}},{"start":{"line":17,"column":8},"end":{"line":17,"column":31}}],"line":15},"2":{"loc":{"start":{"line":21,"column":10},"end":{"line":21,"column":58}},"type":"binary-expr","locations":[{"start":{"line":21,"column":10},"end":{"line":21,"column":33}},{"start":{"line":21,"column":37},"end":{"line":21,"column":58}}],"line":21}},"s":{"0":3,"1":3,"2":26,"3":3,"4":3},"f":{"0":26,"1":3},"b":{"0":[3,2,1],"1":[3,2,1],"2":[3,2]},"_coverageSchema":"1a1c01bbd47fc00a2c39e90264f33305004495a9","hash":"5bf2d2785ee7b248f3d86fcf38019b6fbc7ebdf0"}
,"C:\\Users\\MasterChief\\Desktop\\NewUniAuth\\codecov-node\\lib\\services\\localGit.js": {"path":"C:\\Users\\MasterChief\\Desktop\\NewUniAuth\\codecov-node\\lib\\services\\localGit.js","statementMap":{"0":{"start":{"line":1,"column":10},"end":{"line":1,"column":27}},"1":{"start":{"line":3,"column":0},"end":{"line":16,"column":1}},"2":{"start":{"line":5,"column":4},"end":{"line":5,"column":58}},"3":{"start":{"line":6,"column":17},"end":{"line":6,"column":29}},"4":{"start":{"line":7,"column":4},"end":{"line":9,"column":5}},"5":{"start":{"line":8,"column":6},"end":{"line":8,"column":23}},"6":{"start":{"line":10,"column":15},"end":{"line":10,"column":25}},"7":{"start":{"line":11,"column":4},"end":{"line":14,"column":5}}},"fnMap":{"0":{"name":"(anonymous_0)","decl":{"start":{"line":4,"column":17},"end":{"line":4,"column":18}},"loc":{"start":{"line":4,"column":28},"end":{"line":15,"column":3}},"line":4}},"branchMap":{"0":{"loc":{"start":{"line":7,"column":4},"end":{"line":9,"column":5}},"type":"if","locations":[{"start":{"line":7,"column":4},"end":{"line":9,"column":5}},{"start":{"line":7,"column":4},"end":{"line":9,"column":5}}],"line":7}},"s":{"0":3,"1":3,"2":28,"3":28,"4":28,"5":0,"6":28,"7":28},"f":{"0":28},"b":{"0":[0,28]},"_coverageSchema":"1a1c01bbd47fc00a2c39e90264f33305004495a9","hash":"bbae990431a44902025278b9c665a82238c522a3"}
,"C:\\Users\\MasterChief\\Desktop\\NewUniAuth\\codecov-node\\lib\\services\\semaphore.js": {"path":"C:\\Users\\MasterChief\\Desktop\\NewUniAuth\\codecov-node\\lib\\services\\semaphore.js","statementMap":{"0":{"start":{"line":1,"column":0},"end":{"line":19,"column":1}},"1":{"start":{"line":3,"column":4},"end":{"line":3,"column":71}},"2":{"start":{"line":7,"column":4},"end":{"line":7,"column":48}},"3":{"start":{"line":8,"column":4},"end":{"line":17,"column":5}}},"fnMap":{"0":{"name":"(anonymous_0)","decl":{"start":{"line":2,"column":10},"end":{"line":2,"column":11}},"loc":{"start":{"line":2,"column":21},"end":{"line":4,"column":3}},"line":2},"1":{"name":"(anonymous_1)","decl":{"start":{"line":6,"column":17},"end":{"line":6,"column":18}},"loc":{"start":{"line":6,"column":28},"end":{"line":18,"column":3}},"line":6}},"branchMap":{"0":{"loc":{"start":{"line":3,"column":11},"end":{"line":3,"column":71}},"type":"binary-expr","locations":[{"start":{"line":3,"column":11},"end":{"line":3,"column":34}},{"start":{"line":3,"column":38},"end":{"line":3,"column":71}}],"line":3}},"s":{"0":3,"1":27,"2":1,"3":1},"f":{"0":27,"1":1},"b":{"0":[27,2]},"_coverageSchema":"1a1c01bbd47fc00a2c39e90264f33305004495a9","hash":"a0e018039706e1bed043a810eb52f0cb47d472a3"}
,"C:\\Users\\MasterChief\\Desktop\\NewUniAuth\\codecov-node\\lib\\services\\semaphore2x.js": {"path":"C:\\Users\\MasterChief\\Desktop\\NewUniAuth\\codecov-node\\lib\\services\\semaphore2x.js","statementMap":{"0":{"start":{"line":1,"column":0},"end":{"line":15,"column":1}},"1":{"start":{"line":3,"column":4},"end":{"line":3,"column":73}},"2":{"start":{"line":7,"column":4},"end":{"line":7,"column":48}},"3":{"start":{"line":8,"column":4},"end":{"line":13,"column":5}}},"fnMap":{"0":{"name":"(anonymous_0)","decl":{"start":{"line":2,"column":10},"end":{"line":2,"column":11}},"loc":{"start":{"line":2,"column":21},"end":{"line":4,"column":3}},"line":2},"1":{"name":"(anonymous_1)","decl":{"start":{"line":6,"column":17},"end":{"line":6,"column":18}},"loc":{"start":{"line":6,"column":28},"end":{"line":14,"column":3}},"line":6}},"branchMap":{"0":{"loc":{"start":{"line":3,"column":11},"end":{"line":3,"column":73}},"type":"binary-expr","locations":[{"start":{"line":3,"column":11},"end":{"line":3,"column":34}},{"start":{"line":3,"column":38},"end":{"line":3,"column":73}}],"line":3}},"s":{"0":3,"1":27,"2":1,"3":1},"f":{"0":27,"1":1},"b":{"0":[27,2]},"_coverageSchema":"1a1c01bbd47fc00a2c39e90264f33305004495a9","hash":"872822865b0e9484f4ffc12356067fe6e08a3ac5"}
,"C:\\Users\\MasterChief\\Desktop\\NewUniAuth\\codecov-node\\lib\\services\\shippable.js": {"path":"C:\\Users\\MasterChief\\Desktop\\NewUniAuth\\codecov-node\\lib\\services\\shippable.js","statementMap":{"0":{"start":{"line":1,"column":0},"end":{"line":19,"column":1}},"1":{"start":{"line":3,"column":4},"end":{"line":3,"column":34}},"2":{"start":{"line":8,"column":4},"end":{"line":8,"column":44}},"3":{"start":{"line":9,"column":4},"end":{"line":17,"column":5}}},"fnMap":{"0":{"name":"(anonymous_0)","decl":{"start":{"line":2,"column":10},"end":{"line":2,"column":11}},"loc":{"start":{"line":2,"column":21},"end":{"line":4,"column":3}},"line":2},"1":{"name":"(anonymous_1)","decl":{"start":{"line":6,"column":17},"end":{"line":6,"column":18}},"loc":{"start":{"line":6,"column":28},"end":{"line":18,"column":3}},"line":6}},"branchMap":{},"s":{"0":1,"1":1,"2":1,"3":1},"f":{"0":1,"1":1},"b":{},"_coverageSchema":"1a1c01bbd47fc00a2c39e90264f33305004495a9","hash":"30e5cc3c682ee168b1b16a71f9343f5ee54f859f"}
,"C:\\Users\\MasterChief\\Desktop\\NewUniAuth\\codecov-node\\lib\\services\\snap.js": {"path":"C:\\Users\\MasterChief\\Desktop\\NewUniAuth\\codecov-node\\lib\\services\\snap.js","statementMap":{"0":{"start":{"line":1,"column":0},"end":{"line":16,"column":1}},"1":{"start":{"line":3,"column":4},"end":{"line":3,"column":32}},"2":{"start":{"line":7,"column":4},"end":{"line":7,"column":39}},"3":{"start":{"line":8,"column":4},"end":{"line":14,"column":5}}},"fnMap":{"0":{"name":"(anonymous_0)","decl":{"start":{"line":2,"column":10},"end":{"line":2,"column":11}},"loc":{"start":{"line":2,"column":21},"end":{"line":4,"column":3}},"line":2},"1":{"name":"(anonymous_1)","decl":{"start":{"line":6,"column":17},"end":{"line":6,"column":18}},"loc":{"start":{"line":6,"column":28},"end":{"line":15,"column":3}},"line":6}},"branchMap":{"0":{"loc":{"start":{"line":11,"column":14},"end":{"line":11,"column":73}},"type":"binary-expr","locations":[{"start":{"line":11,"column":14},"end":{"line":11,"column":37}},{"start":{"line":11,"column":41},"end":{"line":11,"column":73}}],"line":11},"1":{"loc":{"start":{"line":12,"column":14},"end":{"line":12,"column":73}},"type":"binary-expr","locations":[{"start":{"line":12,"column":14},"end":{"line":12,"column":37}},{"start":{"line":12,"column":41},"end":{"line":12,"column":73}}],"line":12}},"s":{"0":3,"1":26,"2":2,"3":2},"f":{"0":26,"1":2},"b":{"0":[2,1],"1":[2,1]},"_coverageSchema":"1a1c01bbd47fc00a2c39e90264f33305004495a9","hash":"45d2a74942556e75e6fb3f7f120c73bc7056c94c"}
,"C:\\Users\\MasterChief\\Desktop\\NewUniAuth\\codecov-node\\lib\\services\\teamcity.js": {"path":"C:\\Users\\MasterChief\\Desktop\\NewUniAuth\\codecov-node\\lib\\services\\teamcity.js","statementMap":{"0":{"start":{"line":1,"column":0},"end":{"line":17,"column":2}},"1":{"start":{"line":4,"column":8},"end":{"line":4,"column":46}},"2":{"start":{"line":8,"column":8},"end":{"line":8,"column":48}},"3":{"start":{"line":9,"column":8},"end":{"line":14,"column":10}}},"fnMap":{"0":{"name":"(anonymous_0)","decl":{"start":{"line":3,"column":12},"end":{"line":3,"column":13}},"loc":{"start":{"line":3,"column":24},"end":{"line":5,"column":5}},"line":3},"1":{"name":"(anonymous_1)","decl":{"start":{"line":7,"column":19},"end":{"line":7,"column":20}},"loc":{"start":{"line":7,"column":31},"end":{"line":15,"column":5}},"line":7}},"branchMap":{},"s":{"0":3,"1":26,"2":1,"3":1},"f":{"0":26,"1":1},"b":{},"_coverageSchema":"1a1c01bbd47fc00a2c39e90264f33305004495a9","hash":"05555872dbc65f2e69baead766bfc257f5a81f08"}
,"C:\\Users\\MasterChief\\Desktop\\NewUniAuth\\codecov-node\\lib\\services\\travis.js": {"path":"C:\\Users\\MasterChief\\Desktop\\NewUniAuth\\codecov-node\\lib\\services\\travis.js","statementMap":{"0":{"start":{"line":1,"column":0},"end":{"line":19,"column":1}},"1":{"start":{"line":3,"column":4},"end":{"line":3,"column":31}},"2":{"start":{"line":7,"column":4},"end":{"line":7,"column":41}},"3":{"start":{"line":8,"column":4},"end":{"line":17,"column":5}}},"fnMap":{"0":{"name":"(anonymous_0)","decl":{"start":{"line":2,"column":10},"end":{"line":2,"column":11}},"loc":{"start":{"line":2,"column":21},"end":{"line":4,"column":3}},"line":2},"1":{"name":"(anonymous_1)","decl":{"start":{"line":6,"column":17},"end":{"line":6,"column":18}},"loc":{"start":{"line":6,"column":28},"end":{"line":18,"column":3}},"line":6}},"branchMap":{},"s":{"0":3,"1":27,"2":2,"3":2},"f":{"0":27,"1":2},"b":{},"_coverageSchema":"1a1c01bbd47fc00a2c39e90264f33305004495a9","hash":"5f1b3efeaffc07617e94d8d73c019e69acd02c22"}
,"C:\\Users\\MasterChief\\Desktop\\NewUniAuth\\codecov-node\\lib\\services\\wercker.js": {"path":"C:\\Users\\MasterChief\\Desktop\\NewUniAuth\\codecov-node\\lib\\services\\wercker.js","statementMap":{"0":{"start":{"line":3,"column":0},"end":{"line":22,"column":1}},"1":{"start":{"line":5,"column":4},"end":{"line":5,"column":54}},"2":{"start":{"line":9,"column":4},"end":{"line":9,"column":42}},"3":{"start":{"line":10,"column":4},"end":{"line":20,"column":5}}},"fnMap":{"0":{"name":"(anonymous_0)","decl":{"start":{"line":4,"column":10},"end":{"line":4,"column":11}},"loc":{"start":{"line":4,"column":21},"end":{"line":6,"column":3}},"line":4},"1":{"name":"(anonymous_1)","decl":{"start":{"line":8,"column":17},"end":{"line":8,"column":18}},"loc":{"start":{"line":8,"column":28},"end":{"line":21,"column":3}},"line":8}},"branchMap":{},"s":{"0":3,"1":26,"2":1,"3":1},"f":{"0":26,"1":1},"b":{},"_coverageSchema":"1a1c01bbd47fc00a2c39e90264f33305004495a9","hash":"178c7d30b911288d57f4f5d6161903bc98f54b46"}
}
