TN:
SF:lib\codecov.js
FN:147,(anonymous_0)
FN:167,(anonymous_1)
FN:182,(anonymous_2)
FN:202,(anonymous_3)
FN:222,(anonymous_4)
FN:243,(anonymous_5)
FN:277,(anonymous_6)
FN:385,(anonymous_7)
FN:392,(anonymous_8)
FN:552,(anonymous_9)
FN:565,(anonymous_10)
FN:579,sanitizeVar
FNF:12
FNH:4
FNDA:0,(anonymous_0)
FNDA:0,(anonymous_1)
FNDA:0,(anonymous_2)
FNDA:0,(anonymous_3)
FNDA:0,(anonymous_4)
FNDA:28,(anonymous_5)
FNDA:56,(anonymous_6)
FNDA:0,(anonymous_7)
FNDA:1,(anonymous_8)
FNDA:0,(anonymous_9)
FNDA:0,(anonymous_10)
FNDA:56,sanitizeVar
DA:1,1
DA:2,1
DA:3,1
DA:4,1
DA:5,1
DA:6,1
DA:7,1
DA:8,1
DA:10,1
DA:12,1
DA:14,1
DA:15,1
DA:16,1
DA:19,1
DA:21,1
DA:22,0
DA:85,1
DA:147,1
DA:155,0
DA:168,0
DA:169,0
DA:170,0
DA:174,0
DA:175,0
DA:176,0
DA:182,1
DA:190,0
DA:203,0
DA:204,0
DA:212,0
DA:213,0
DA:223,0
DA:224,0
DA:232,0
DA:233,0
DA:234,0
DA:243,1
DA:246,28
DA:250,28
DA:251,28
DA:253,28
DA:258,28
DA:270,28
DA:271,23
DA:272,23
DA:274,5
DA:277,28
DA:278,56
DA:286,28
DA:287,1
DA:290,28
DA:291,1
DA:294,28
DA:295,1
DA:298,28
DA:299,1
DA:303,28
DA:304,28
DA:305,1
DA:309,28
DA:310,28
DA:311,28
DA:317,28
DA:321,28
DA:322,10
DA:325,28
DA:327,28
DA:328,28
DA:330,28
DA:336,28
DA:339,28
DA:340,28
DA:341,2
DA:348,2
DA:349,9
DA:350,7
DA:351,7
DA:354,2
DA:355,2
DA:360,28
DA:361,28
DA:362,28
DA:363,28
DA:364,28
DA:365,0
DA:367,28
DA:370,0
DA:377,28
DA:378,27
DA:379,27
DA:380,27
DA:381,27
DA:382,1
DA:383,0
DA:386,0
DA:390,1
DA:393,1
DA:399,27
DA:400,0
DA:413,27
DA:422,27
DA:423,27
DA:424,27
DA:426,27
DA:429,1
DA:434,28
DA:435,0
DA:441,28
DA:443,28
DA:444,0
DA:445,0
DA:446,0
DA:447,0
DA:453,0
DA:462,28
DA:463,28
DA:464,28
DA:466,0
DA:467,0
DA:468,28
DA:470,2
DA:471,2
DA:472,2
DA:473,2
DA:479,1
DA:480,1
DA:482,1
DA:483,1
DA:485,26
DA:486,25
DA:489,25
DA:492,0
DA:493,0
DA:494,0
DA:496,0
DA:503,25
DA:504,25
DA:505,0
DA:507,25
DA:512,25
DA:513,25
DA:514,25
DA:515,25
DA:516,25
DA:522,17
DA:523,17
DA:525,8
DA:526,8
DA:531,1
DA:534,28
DA:536,28
DA:537,28
DA:538,28
DA:539,28
DA:541,0
DA:543,0
DA:544,0
DA:546,0
DA:548,0
DA:554,0
DA:555,0
DA:556,0
DA:557,0
DA:561,0
DA:562,0
DA:570,28
DA:580,56
DA:581,53
DA:583,3
DA:586,1
LF:170
LH:123
BRDA:19,0,0,1
BRDA:19,0,1,0
BRDA:21,1,0,0
BRDA:21,1,1,1
BRDA:168,2,0,0
BRDA:168,2,1,0
BRDA:168,3,0,0
BRDA:168,3,1,0
BRDA:169,4,0,0
BRDA:169,4,1,0
BRDA:170,5,0,0
BRDA:170,5,1,0
BRDA:203,6,0,0
BRDA:203,6,1,0
BRDA:223,7,0,0
BRDA:223,7,1,0
BRDA:246,8,0,28
BRDA:246,8,1,28
BRDA:246,8,2,28
BRDA:246,8,3,28
BRDA:253,9,0,28
BRDA:253,9,1,27
BRDA:253,9,2,25
BRDA:253,9,3,25
BRDA:270,10,0,23
BRDA:270,10,1,5
BRDA:270,11,0,28
BRDA:270,11,1,21
BRDA:279,12,0,56
BRDA:279,12,1,32
BRDA:280,13,0,28
BRDA:280,13,1,4
BRDA:286,14,0,1
BRDA:286,14,1,27
BRDA:290,15,0,1
BRDA:290,15,1,27
BRDA:294,16,0,1
BRDA:294,16,1,27
BRDA:298,17,0,1
BRDA:298,17,1,27
BRDA:303,18,0,28
BRDA:303,18,1,27
BRDA:303,18,2,27
BRDA:304,19,0,1
BRDA:304,19,1,27
BRDA:312,20,0,28
BRDA:312,20,1,25
BRDA:312,20,2,5
BRDA:317,21,0,28
BRDA:317,21,1,24
BRDA:317,21,2,21
BRDA:317,21,3,18
BRDA:321,22,0,10
BRDA:321,22,1,18
BRDA:340,23,0,2
BRDA:340,23,1,26
BRDA:340,24,0,28
BRDA:340,24,1,26
BRDA:340,24,2,26
BRDA:344,25,0,2
BRDA:344,25,1,1
BRDA:346,26,0,2
BRDA:346,26,1,1
BRDA:349,27,0,7
BRDA:349,27,1,2
BRDA:350,28,0,7
BRDA:350,28,1,4
BRDA:354,29,0,2
BRDA:354,29,1,0
BRDA:360,30,0,28
BRDA:360,30,1,28
BRDA:360,30,2,28
BRDA:364,31,0,0
BRDA:364,31,1,28
BRDA:377,32,0,27
BRDA:377,32,1,1
BRDA:377,33,0,28
BRDA:377,33,1,21
BRDA:380,34,0,27
BRDA:380,34,1,26
BRDA:381,35,0,1
BRDA:381,35,1,26
BRDA:382,36,0,0
BRDA:382,36,1,1
BRDA:399,37,0,0
BRDA:399,37,1,27
BRDA:402,38,0,0
BRDA:402,38,1,0
BRDA:406,39,0,0
BRDA:406,39,1,0
BRDA:408,40,0,0
BRDA:408,40,1,0
BRDA:417,41,0,27
BRDA:417,41,1,26
BRDA:419,42,0,27
BRDA:419,42,1,26
BRDA:434,43,0,0
BRDA:434,43,1,28
BRDA:443,44,0,0
BRDA:443,44,1,28
BRDA:445,45,0,0
BRDA:445,45,1,0
BRDA:446,46,0,0
BRDA:446,46,1,0
BRDA:464,47,0,0
BRDA:464,47,1,28
BRDA:468,48,0,2
BRDA:468,48,1,26
BRDA:485,49,0,25
BRDA:485,49,1,1
BRDA:485,50,0,26
BRDA:485,50,1,19
BRDA:489,51,0,0
BRDA:489,51,1,25
BRDA:493,52,0,0
BRDA:493,52,1,0
BRDA:504,53,0,0
BRDA:504,53,1,25
BRDA:512,54,0,25
BRDA:512,54,1,0
BRDA:534,55,0,28
BRDA:534,55,1,0
BRDA:536,56,0,28
BRDA:536,56,1,0
BRDA:543,57,0,0
BRDA:543,57,1,0
BRDA:543,58,0,0
BRDA:543,58,1,0
BRDA:554,59,0,0
BRDA:554,59,1,0
BRDA:561,60,0,0
BRDA:561,60,1,0
BRDA:565,61,0,0
BRDA:565,61,1,0
BRDA:580,62,0,53
BRDA:580,62,1,3
BRF:136
BRH:88
end_of_record
TN:
SF:lib\detect.js
FN:22,(anonymous_0)
FNF:1
FNH:1
FNDA:26,(anonymous_0)
DA:1,2
DA:22,2
DA:24,26
DA:25,451
DA:26,1
DA:27,1
DA:30,26
DA:31,25
DA:32,25
DA:33,25
DA:34,0
DA:37,26
DA:40,2
LF:13
LH:12
BRDA:25,0,0,1
BRDA:25,0,1,450
BRDA:30,1,0,25
BRDA:30,1,1,1
BRDA:33,2,0,0
BRDA:33,2,1,25
BRF:6
BRH:5
end_of_record
TN:
SF:lib\git.js
FN:4,(anonymous_0)
FN:10,(anonymous_1)
FNF:2
FNH:2
FNDA:29,(anonymous_0)
FNDA:34,(anonymous_1)
DA:1,7
DA:3,7
DA:5,29
DA:11,34
LF:4
LH:4
BRF:0
BRH:0
end_of_record
TN:
SF:lib\services\appveyor.js
FN:2,(anonymous_0)
FN:6,(anonymous_1)
FNF:2
FNH:2
FNDA:26,(anonymous_0)
FNDA:1,(anonymous_1)
DA:1,3
DA:3,26
DA:7,1
DA:8,1
LF:4
LH:4
BRF:0
BRH:0
end_of_record
TN:
SF:lib\services\azurePipelines.js
FN:2,(anonymous_0)
FN:6,(anonymous_1)
FNF:2
FNH:2
FNDA:26,(anonymous_0)
FNDA:1,(anonymous_1)
DA:1,3
DA:3,26
DA:7,1
DA:8,1
LF:4
LH:4
BRF:0
BRH:0
end_of_record
TN:
SF:lib\services\buildkite.js
FN:2,(anonymous_0)
FN:6,(anonymous_1)
FNF:2
FNH:2
FNDA:26,(anonymous_0)
FNDA:1,(anonymous_1)
DA:1,3
DA:3,26
DA:8,1
DA:9,1
LF:4
LH:4
BRF:0
BRH:0
end_of_record
TN:
SF:lib\services\circle.js
FN:2,(anonymous_0)
FN:6,(anonymous_1)
FN:17,detectRepoSlug
FNF:3
FNH:3
FNDA:26,(anonymous_0)
FNDA:3,(anonymous_1)
FNDA:3,detectRepoSlug
DA:1,3
DA:3,26
DA:7,3
DA:8,3
DA:18,3
DA:23,1
DA:29,2
DA:32,1
DA:37,1
LF:9
LH:9
BRDA:18,0,0,1
BRDA:18,0,1,2
BRDA:29,1,0,1
BRDA:29,1,1,1
BRF:4
BRH:4
end_of_record
TN:
SF:lib\services\cirrus.js
FN:2,(anonymous_0)
FN:5,(anonymous_1)
FNF:2
FNH:2
FNDA:26,(anonymous_0)
FNDA:1,(anonymous_1)
DA:1,3
DA:3,26
DA:6,1
DA:7,1
LF:4
LH:4
BRF:0
BRH:0
end_of_record
TN:
SF:lib\services\codebuild.js
FN:4,(anonymous_0)
FN:8,(anonymous_1)
FN:19,detectBranchName
FN:28,detectPRNumber
FN:37,detectRepoSlug
FNF:5
FNH:5
FNDA:26,(anonymous_0)
FNDA:6,(anonymous_1)
FNDA:6,detectBranchName
FNDA:5,detectPRNumber
FNDA:5,detectRepoSlug
DA:1,3
DA:3,3
DA:5,26
DA:9,6
DA:10,6
DA:20,6
DA:21,4
DA:26,2
DA:29,5
DA:33,2
DA:35,3
DA:38,5
DA:39,4
DA:44,1
LF:14
LH:14
BRDA:20,0,0,4
BRDA:20,0,1,2
BRDA:29,1,0,2
BRDA:29,1,1,3
BRDA:30,2,0,5
BRDA:30,2,1,4
BRDA:38,3,0,4
BRDA:38,3,1,1
BRF:8
BRH:8
end_of_record
TN:
SF:lib\services\codeship.js
FN:2,(anonymous_0)
FN:6,(anonymous_1)
FNF:2
FNH:2
FNDA:26,(anonymous_0)
FNDA:1,(anonymous_1)
DA:1,3
DA:3,26
DA:7,1
DA:8,1
LF:4
LH:4
BRDA:3,0,0,26
BRDA:3,0,1,1
BRF:2
BRH:2
end_of_record
TN:
SF:lib\services\drone.js
FN:4,(anonymous_0)
FN:8,(anonymous_1)
FNF:2
FNH:2
FNDA:26,(anonymous_0)
FNDA:1,(anonymous_1)
DA:1,3
DA:3,3
DA:5,26
DA:9,1
DA:10,1
LF:5
LH:5
BRF:0
BRH:0
end_of_record
TN:
SF:lib\services\github_actions.js
FN:2,(anonymous_0)
FN:6,(anonymous_1)
FNF:2
FNH:2
FNDA:26,(anonymous_0)
FNDA:2,(anonymous_1)
DA:1,3
DA:3,26
DA:8,2
DA:10,2
DA:20,2
DA:22,1
DA:25,2
LF:7
LH:7
BRDA:12,0,0,2
BRDA:12,0,1,1
BRDA:20,1,0,1
BRDA:20,1,1,1
BRF:4
BRH:4
end_of_record
TN:
SF:lib\services\gitlab.js
FN:4,(anonymous_0)
FN:8,(anonymous_1)
FNF:2
FNH:2
FNDA:27,(anonymous_0)
FNDA:3,(anonymous_1)
DA:3,3
DA:5,27
DA:9,3
DA:11,3
DA:12,3
LF:5
LH:5
BRDA:11,0,0,3
BRDA:11,0,1,2
BRDA:11,0,2,1
BRF:3
BRH:3
end_of_record
TN:
SF:lib\services\heroku.js
FN:4,(anonymous_0)
FN:8,(anonymous_1)
FNF:2
FNH:2
FNDA:26,(anonymous_0)
FNDA:1,(anonymous_1)
DA:3,3
DA:5,26
DA:9,1
DA:10,1
LF:4
LH:4
BRF:0
BRH:0
end_of_record
TN:
SF:lib\services\jenkins.js
FN:4,(anonymous_0)
FN:8,(anonymous_1)
FNF:2
FNH:2
FNDA:26,(anonymous_0)
FNDA:3,(anonymous_1)
DA:1,3
DA:3,3
DA:5,26
DA:9,3
DA:10,3
LF:5
LH:5
BRDA:13,0,0,3
BRDA:13,0,1,2
BRDA:13,0,2,1
BRDA:15,1,0,3
BRDA:15,1,1,2
BRDA:15,1,2,1
BRDA:21,2,0,3
BRDA:21,2,1,2
BRF:8
BRH:8
end_of_record
TN:
SF:lib\services\localGit.js
FN:4,(anonymous_0)
FNF:1
FNH:1
FNDA:28,(anonymous_0)
DA:1,3
DA:3,3
DA:5,28
DA:6,28
DA:7,28
DA:8,0
DA:10,28
DA:11,28
LF:8
LH:7
BRDA:7,0,0,0
BRDA:7,0,1,28
BRF:2
BRH:1
end_of_record
TN:
SF:lib\services\semaphore.js
FN:2,(anonymous_0)
FN:6,(anonymous_1)
FNF:2
FNH:2
FNDA:27,(anonymous_0)
FNDA:1,(anonymous_1)
DA:1,3
DA:3,27
DA:7,1
DA:8,1
LF:4
LH:4
BRDA:3,0,0,27
BRDA:3,0,1,2
BRF:2
BRH:2
end_of_record
TN:
SF:lib\services\semaphore2x.js
FN:2,(anonymous_0)
FN:6,(anonymous_1)
FNF:2
FNH:2
FNDA:27,(anonymous_0)
FNDA:1,(anonymous_1)
DA:1,3
DA:3,27
DA:7,1
DA:8,1
LF:4
LH:4
BRDA:3,0,0,27
BRDA:3,0,1,2
BRF:2
BRH:2
end_of_record
TN:
SF:lib\services\shippable.js
FN:2,(anonymous_0)
FN:6,(anonymous_1)
FNF:2
FNH:2
FNDA:1,(anonymous_0)
FNDA:1,(anonymous_1)
DA:1,1
DA:3,1
DA:8,1
DA:9,1
LF:4
LH:4
BRF:0
BRH:0
end_of_record
TN:
SF:lib\services\snap.js
FN:2,(anonymous_0)
FN:6,(anonymous_1)
FNF:2
FNH:2
FNDA:26,(anonymous_0)
FNDA:2,(anonymous_1)
DA:1,3
DA:3,26
DA:7,2
DA:8,2
LF:4
LH:4
BRDA:11,0,0,2
BRDA:11,0,1,1
BRDA:12,1,0,2
BRDA:12,1,1,1
BRF:4
BRH:4
end_of_record
TN:
SF:lib\services\teamcity.js
FN:3,(anonymous_0)
FN:7,(anonymous_1)
FNF:2
FNH:2
FNDA:26,(anonymous_0)
FNDA:1,(anonymous_1)
DA:1,3
DA:4,26
DA:8,1
DA:9,1
LF:4
LH:4
BRF:0
BRH:0
end_of_record
TN:
SF:lib\services\travis.js
FN:2,(anonymous_0)
FN:6,(anonymous_1)
FNF:2
FNH:2
FNDA:27,(anonymous_0)
FNDA:2,(anonymous_1)
DA:1,3
DA:3,27
DA:7,2
DA:8,2
LF:4
LH:4
BRF:0
BRH:0
end_of_record
TN:
SF:lib\services\wercker.js
FN:4,(anonymous_0)
FN:8,(anonymous_1)
FNF:2
FNH:2
FNDA:26,(anonymous_0)
FNDA:1,(anonymous_1)
DA:3,3
DA:5,26
DA:9,1
DA:10,1
LF:4
LH:4
BRF:0
BRH:0
end_of_record
